<?xml version="1.0" encoding="utf-8"?>
<test-run id="0" testcasecount="1" result="Passed" total="1" passed="1" failed="0" inconclusive="0" skipped="0" asserts="1" portable-engine-version="3.3.0.0" start-time="2016-12-19 12:57:44Z" end-time="2016-12-19 12:57:44Z" duration="0.142197">
  <test-suite type="Assembly" id="1002" name="hhs-p6-webshop-project-test, Version=1.0.0.0, Culture=neutral, PublicKeyToken=null" fullname="hhs-p6-webshop-project-test, Version=1.0.0.0, Culture=neutral, PublicKeyToken=null" runstate="Runnable" testcasecount="1" result="Passed" start-time="2016-12-19 12:57:44Z" end-time="2016-12-19 12:57:44Z" duration="0.050193" total="1" passed="1" failed="0" inconclusive="0" skipped="0" asserts="1">
    <settings>
      <setting name="WorkDirectory" value="/home/timvisee/RiderProjects/hhs-p6-webshop-project" />
    </settings>
    <test-suite type="TestSuite" id="1003" name="hhs_p6_webshop_project_test" fullname="hhs_p6_webshop_project_test" runstate="Runnable" testcasecount="1" result="Passed" start-time="2016-12-19 12:57:44Z" end-time="2016-12-19 12:57:44Z" duration="0.043190" total="1" passed="1" failed="0" inconclusive="0" skipped="0" asserts="1">
      <test-suite type="TestFixture" id="1000" name="Tests" fullname="hhs_p6_webshop_project_test.Tests" classname="hhs_p6_webshop_project_test.Tests" runstate="Runnable" testcasecount="1" result="Passed" start-time="2016-12-19 12:57:44Z" end-time="2016-12-19 12:57:44Z" duration="0.040035" total="1" passed="1" failed="0" inconclusive="0" skipped="0" asserts="1">
        <test-case id="1001" name="Test1" fullname="hhs_p6_webshop_project_test.Tests.Test1" methodname="Test1" classname="hhs_p6_webshop_project_test.Tests" runstate="Runnable" seed="1388286584" result="Passed" start-time="2016-12-19 12:57:44Z" end-time="2016-12-19 12:57:44Z" duration="0.005547" asserts="1" />
      </test-suite>
    </test-suite>
  </test-suite>
</test-run>